#
# A fatal error has been detected by the Java Runtime Environment:
#
#  EXCEPTION_ACCESS_VIOLATION (0xc0000005) at pc=0x00007ffedeaed465, pid=9104, tid=1184
#
# JRE version: OpenJDK Runtime Environment (11.0.2+9) (build 11.0.2+9)
# Java VM: OpenJDK 64-Bit Server VM (11.0.2+9, mixed mode, tiered, compressed oops, g1 gc, windows-amd64)
# Problematic frame:
# V  [jvm.dll+0x65d465]
#
# No core dump will be written. Minidumps are not enabled by default on client versions of Windows
#
# If you would like to submit a bug report, please visit:
#   http://bugreport.java.com/bugreport/crash.jsp
#

---------------  S U M M A R Y ------------

Command Line: -Dcom.sun.management.jmxremote -Dcom.sun.management.jmxremote.port=57729 -Dcom.sun.management.jmxremote.authenticate=false -Dcom.sun.management.jmxremote.ssl=false -Djava.rmi.server.hostname=localhost -Dspring.jmx.enabled=true -Dspring.application.admin.enabled=true -Xverify:none -XX:TieredStopAtLevel=1 -Dspring.boot.project.name=infra -Dfile.encoding=Cp1252 com.ps.infra.SeleccionApplication --spring.output.ansi.enabled=always

Host: Intel(R) Core(TM) i5-6300U CPU @ 2.40GHz, 4 cores, 15G,  Windows 10 , 64 bit Build 18362 (10.0.18362.329)
Time: Tue May 19 13:58:23 2020 Hora est. Pacífico, Sudamérica elapsed time: 2 seconds (0d 0h 0m 2s)

---------------  T H R E A D  ---------------

Current thread (0x000002561105b800):  WatcherThread [stack: 0x000000b17f400000,0x000000b17f500000] [id=1184]

Stack: [0x000000b17f400000,0x000000b17f500000],  sp=0x000000b17f4ff430,  free space=1021k
Native frames: (J=compiled Java code, j=interpreted, Vv=VM code, C=native code)
V  [jvm.dll+0x65d465]
V  [jvm.dll+0x6c663f]
V  [jvm.dll+0x711f7d]
V  [jvm.dll+0x737939]
V  [jvm.dll+0x633942]
C  [ucrtbase.dll+0x20e72]
C  [KERNEL32.DLL+0x17bd4]
C  [ntdll.dll+0x6ced1]


siginfo: EXCEPTION_ACCESS_VIOLATION (0xc0000005), reading address 0x00007ffe0000000f


Register to memory mapping:

RIP=0x00007ffedeaed465 jvm.dll
RAX=0x00007ffe0000000f is an unknown value
RBX=0x00000256110361b0 points into unknown readable memory: d0 8f d5 de fe 7f 00 00
RCX=0x0000025611046910 points into unknown readable memory: 0f 00 00 00 fe 7f 00 00
RDX=0x0000000000000033 is an unknown value
RSP=0x000000b17f4ff430 points into unknown readable memory: 00 8c 1e 6c 56 02 00 00
RBP=0x0000000000000002 is an unknown value
RSI=0x0000025611046930 points into unknown readable memory: 90 31 17 11 56 02 00 00
RDI=0x0 is NULL
R8 =0x0 is NULL
R9 =0x0000025600000b80 is at begin+0 in a stub
StubRoutines::atomic_cmpxchg_long [0x0000025600000b80, 0x0000025600000b89[ (9 bytes)
R10=0x0000000000000001 is an unknown value
R11=0x000003636ca1b0b6 is an unknown value
R12=0x0 is NULL
R13=0x000002561105b800 points into unknown readable memory: c8 67 d6 de fe 7f 00 00
R14=0x0000000000000033 is an unknown value
R15=0x000002567fcb91c0 points into unknown readable memory: 00 00 00 00 00 00 00 00


Registers:
RAX=0x00007ffe0000000f, RBX=0x00000256110361b0, RCX=0x0000025611046910, RDX=0x0000000000000033
RSP=0x000000b17f4ff430, RBP=0x0000000000000002, RSI=0x0000025611046930, RDI=0x0000000000000000
R8 =0x0000000000000000, R9 =0x0000025600000b80, R10=0x0000000000000001, R11=0x000003636ca1b0b6
R12=0x0000000000000000, R13=0x000002561105b800, R14=0x0000000000000033, R15=0x000002567fcb91c0
RIP=0x00007ffedeaed465, EFLAGS=0x0000000000010202

Top of Stack: (sp=0x000000b17f4ff430)
0x000000b17f4ff430:   000002566c1e8c00 0000000000000930
0x000000b17f4ff440:   0000000000000001 00007ffedea96b20
0x000000b17f4ff450:   0000000000000000 00007ffedeb5663f
0x000000b17f4ff460:   000002561105b800 000002561105b800
0x000000b17f4ff470:   00019b05be84af5c 00007ffedea975a9
0x000000b17f4ff480:   00007ffedef014d8 00007ffedeba1f7d
0x000000b17f4ff490:   0000000000000001 000002566c1e8c00
0x000000b17f4ff4a0:   000002566c1e8c00 431bde82d7b634db
0x000000b17f4ff4b0:   000002567fcb91c0 00019b05be84af5c
0x000000b17f4ff4c0:   000002566c1e8c00 00007ffedebc7939
0x000000b17f4ff4d0:   0000000000000001 0000000000000033
0x000000b17f4ff4e0:   0000000000000032 0000000000000002
0x000000b17f4ff4f0:   0000000000000000 0000000000000000
0x000000b17f4ff500:   00007fff3ce60e30 0000025611172da0
0x000000b17f4ff510:   0000000000000000 000000b17f4ff978
0x000000b17f4ff520:   0000000000000000 0000000000000000 

Instructions: (pc=0x00007ffedeaed465)
0x00007ffedeaed445:   70 48 83 c4 50 5f c3 cc cc cc cc 40 53 48 83 ec
0x00007ffedeaed455:   20 48 8b d9 48 8b 49 38 48 85 c9 74 0c 48 8b 01
0x00007ffedeaed465:   ff 10 48 8b 4b 28 48 89 01 48 83 c4 20 5b c3 cc
0x00007ffedeaed475:   cc cc cc cc cc cc cc cc cc cc cc 48 89 5c 24 08 


Stack slot to memory mapping:
stack at sp + 0 slots: 0x000002566c1e8c00 points into unknown readable memory: 01 00 00 00 00 00 00 00
stack at sp + 1 slots: 0x0000000000000930 is an unknown value
stack at sp + 2 slots: 0x0000000000000001 is an unknown value
stack at sp + 3 slots: 0x00007ffedea96b20 jvm.dll
stack at sp + 4 slots: 0x0 is NULL
stack at sp + 5 slots: 0x00007ffedeb5663f jvm.dll
stack at sp + 6 slots: 0x000002561105b800 points into unknown readable memory: c8 67 d6 de fe 7f 00 00
stack at sp + 7 slots: 0x000002561105b800 points into unknown readable memory: c8 67 d6 de fe 7f 00 00


---------------  P R O C E S S  ---------------

Threads class SMR info:
_java_thread_list=0x0000025611172890, length=14, elements={
0x000002566c1eb800, 0x000002567f168000, 0x000002567f169000, 0x000002567f1a7000,
0x000002567f1aa000, 0x000002567f1ac000, 0x000002567f219800, 0x000002567f394800,
0x000002567f39c000, 0x000002567f39d000, 0x000002567f415800, 0x000002561116e000,
0x000002561106d000, 0x00000256111c8800
}

Java Threads: ( => current thread )
  0x000002566c1eb800 JavaThread "main" [_thread_in_Java, id=18068, stack(0x000000b17dd00000,0x000000b17de00000)]
  0x000002567f168000 JavaThread "Reference Handler" daemon [_thread_blocked, id=1244, stack(0x000000b17e400000,0x000000b17e500000)]
  0x000002567f169000 JavaThread "Finalizer" daemon [_thread_blocked, id=5568, stack(0x000000b17e500000,0x000000b17e600000)]
  0x000002567f1a7000 JavaThread "Signal Dispatcher" daemon [_thread_blocked, id=4936, stack(0x000000b17e600000,0x000000b17e700000)]
  0x000002567f1aa000 JavaThread "Attach Listener" daemon [_thread_blocked, id=19424, stack(0x000000b17e700000,0x000000b17e800000)]
  0x000002567f1ac000 JavaThread "C1 CompilerThread0" daemon [_thread_blocked, id=11740, stack(0x000000b17e800000,0x000000b17e900000)]
  0x000002567f219800 JavaThread "Sweeper thread" daemon [_thread_blocked, id=14020, stack(0x000000b17e900000,0x000000b17ea00000)]
  0x000002567f394800 JavaThread "Common-Cleaner" daemon [_thread_blocked, id=13452, stack(0x000000b17ea00000,0x000000b17eb00000)]
  0x000002567f39c000 JavaThread "C1 CompilerThread1" daemon [_thread_blocked, id=17788, stack(0x000000b17eb00000,0x000000b17ec00000)]
  0x000002567f39d000 JavaThread "C1 CompilerThread2" daemon [_thread_blocked, id=17260, stack(0x000000b17ec00000,0x000000b17ed00000)]
  0x000002567f415800 JavaThread "Service Thread" daemon [_thread_blocked, id=13292, stack(0x000000b17ed00000,0x000000b17ee00000)]
  0x000002561116e000 JavaThread "RMI TCP Accept-0" daemon [_thread_in_native, id=2960, stack(0x000000b17f100000,0x000000b17f200000)]
  0x000002561106d000 JavaThread "RMI TCP Accept-57729" daemon [_thread_in_native, id=9992, stack(0x000000b17f200000,0x000000b17f300000)]
  0x00000256111c8800 JavaThread "RMI TCP Accept-0" daemon [_thread_in_native, id=7096, stack(0x000000b17f300000,0x000000b17f400000)]

Other Threads:
  0x000002567e8de800 VMThread "VM Thread" [stack: 0x000000b17e300000,0x000000b17e400000] [id=2784]
=>0x000002561105b800 WatcherThread [stack: 0x000000b17f400000,0x000000b17f500000] [id=1184]
  0x000002566c200000 GCTaskThread "GC Thread#0" [stack: 0x000000b17de00000,0x000000b17df00000] [id=14660]
  0x000002567fc03800 GCTaskThread "GC Thread#1" [stack: 0x000000b17ee00000,0x000000b17ef00000] [id=13028]
  0x000002567fc04800 GCTaskThread "GC Thread#2" [stack: 0x000000b17ef00000,0x000000b17f000000] [id=13116]
  0x000002567fc07800 GCTaskThread "GC Thread#3" [stack: 0x000000b17f000000,0x000000b17f100000] [id=4140]
  0x000002566c25f000 ConcurrentGCThread "G1 Main Marker" [stack: 0x000000b17df00000,0x000000b17e000000] [id=9420]
  0x000002566c260800 ConcurrentGCThread "G1 Conc#0" [stack: 0x000000b17e000000,0x000000b17e100000] [id=13424]
  0x000002567e7c9800 ConcurrentGCThread "G1 Refine#0" [stack: 0x000000b17e100000,0x000000b17e200000] [id=10648]
  0x000002567e7cc800 ConcurrentGCThread "G1 Young RemSet Sampling" [stack: 0x000000b17e200000,0x000000b17e300000] [id=3616]

Threads with active compile tasks:

VM state:not at safepoint (normal execution)

VM Mutex/Monitor currently owned by a thread:  ([mutex/lock_event])
[0x000002566c1e6f50] SymbolTable_lock - owner thread: 0x0000000000000000
[0x000002566c1e8c00] PeriodicTask_lock - owner thread: 0x000002561105b800

Heap address: 0x0000000702400000, size: 4060 MB, Compressed Oops mode: Zero based, Oop shift amount: 3
Narrow klass base: 0x0000000800000000, Narrow klass shift: 0
Compressed class space size: 1073741824 Address: 0x0000000800000000

Heap:
 garbage-first heap   total 260096K, used 10958K [0x0000000702400000, 0x0000000800000000)
  region size 1024K, 6 young (6144K), 2 survivors (2048K)
 Metaspace       used 14006K, capacity 14432K, committed 14592K, reserved 1062912K
  class space    used 1518K, capacity 1671K, committed 1792K, reserved 1048576K
Heap Regions: E=young(eden), S=young(survivor), O=old, HS=humongous(starts), HC=humongous(continues), CS=collection set, F=free, A=archive, TAMS=top-at-mark-start (previous, next)
|   0|0x0000000702400000, 0x0000000702500000, 0x0000000702500000|100%| O|  |TAMS 0x0000000702400000, 0x0000000702400000| Untracked 
|   1|0x0000000702500000, 0x0000000702600000, 0x0000000702600000|100%| O|  |TAMS 0x0000000702500000, 0x0000000702500000| Untracked 
|   2|0x0000000702600000, 0x0000000702700000, 0x0000000702700000|100%| O|  |TAMS 0x0000000702600000, 0x0000000702600000| Untracked 
|   3|0x0000000702700000, 0x0000000702800000, 0x0000000702800000|100%| O|  |TAMS 0x0000000702700000, 0x0000000702700000| Untracked 
|   4|0x0000000702800000, 0x0000000702900000, 0x0000000702900000|100%| O|  |TAMS 0x0000000702800000, 0x0000000702800000| Untracked 
|   5|0x0000000702900000, 0x00000007029d2000, 0x0000000702a00000| 82%| O|  |TAMS 0x0000000702900000, 0x0000000702900000| Untracked 
|   6|0x0000000702a00000, 0x0000000702a00000, 0x0000000702b00000|  0%| F|  |TAMS 0x0000000702a00000, 0x0000000702a00000| Untracked 
|   7|0x0000000702b00000, 0x0000000702b00000, 0x0000000702c00000|  0%| F|  |TAMS 0x0000000702b00000, 0x0000000702b00000| Untracked 
|   8|0x0000000702c00000, 0x0000000702c00000, 0x0000000702d00000|  0%| F|  |TAMS 0x0000000702c00000, 0x0000000702c00000| Untracked 
|   9|0x0000000702d00000, 0x0000000702d00000, 0x0000000702e00000|  0%| F|  |TAMS 0x0000000702d00000, 0x0000000702d00000| Untracked 
|  10|0x0000000702e00000, 0x0000000702e00000, 0x0000000702f00000|  0%| F|  |TAMS 0x0000000702e00000, 0x0000000702e00000| Untracked 
|  11|0x0000000702f00000, 0x0000000702f00000, 0x0000000703000000|  0%| F|  |TAMS 0x0000000702f00000, 0x0000000702f00000| Untracked 
|  12|0x0000000703000000, 0x0000000703000000, 0x0000000703100000|  0%| F|  |TAMS 0x0000000703000000, 0x0000000703000000| Untracked 
|  13|0x0000000703100000, 0x0000000703100000, 0x0000000703200000|  0%| F|  |TAMS 0x0000000703100000, 0x0000000703100000| Untracked 
|  14|0x0000000703200000, 0x0000000703200000, 0x0000000703300000|  0%| F|  |TAMS 0x0000000703200000, 0x0000000703200000| Untracked 
|  15|0x0000000703300000, 0x0000000703300000, 0x0000000703400000|  0%| F|  |TAMS 0x0000000703300000, 0x0000000703300000| Untracked 
|  16|0x0000000703400000, 0x0000000703400000, 0x0000000703500000|  0%| F|  |TAMS 0x0000000703400000, 0x0000000703400000| Untracked 
|  17|0x0000000703500000, 0x0000000703500000, 0x0000000703600000|  0%| F|  |TAMS 0x0000000703500000, 0x0000000703500000| Untracked 
|  18|0x0000000703600000, 0x0000000703600000, 0x0000000703700000|  0%| F|  |TAMS 0x0000000703600000, 0x0000000703600000| Untracked 
|  19|0x0000000703700000, 0x0000000703700000, 0x0000000703800000|  0%| F|  |TAMS 0x0000000703700000, 0x0000000703700000| Untracked 
|  20|0x0000000703800000, 0x0000000703800000, 0x0000000703900000|  0%| F|  |TAMS 0x0000000703800000, 0x0000000703800000| Untracked 
|  21|0x0000000703900000, 0x0000000703900000, 0x0000000703a00000|  0%| F|  |TAMS 0x0000000703900000, 0x0000000703900000| Untracked 
|  22|0x0000000703a00000, 0x0000000703a00000, 0x0000000703b00000|  0%| F|  |TAMS 0x0000000703a00000, 0x0000000703a00000| Untracked 
|  23|0x0000000703b00000, 0x0000000703b00000, 0x0000000703c00000|  0%| F|  |TAMS 0x0000000703b00000, 0x0000000703b00000| Untracked 
|  24|0x0000000703c00000, 0x0000000703c00000, 0x0000000703d00000|  0%| F|  |TAMS 0x0000000703c00000, 0x0000000703c00000| Untracked 
|  25|0x0000000703d00000, 0x0000000703d00000, 0x0000000703e00000|  0%| F|  |TAMS 0x0000000703d00000, 0x0000000703d00000| Untracked 
|  26|0x0000000703e00000, 0x0000000703e00000, 0x0000000703f00000|  0%| F|  |TAMS 0x0000000703e00000, 0x0000000703e00000| Untracked 
|  27|0x0000000703f00000, 0x0000000703f00000, 0x0000000704000000|  0%| F|  |TAMS 0x0000000703f00000, 0x0000000703f00000| Untracked 
|  28|0x0000000704000000, 0x0000000704000000, 0x0000000704100000|  0%| F|  |TAMS 0x0000000704000000, 0x0000000704000000| Untracked 
|  29|0x0000000704100000, 0x0000000704100000, 0x0000000704200000|  0%| F|  |TAMS 0x0000000704100000, 0x0000000704100000| Untracked 
|  30|0x0000000704200000, 0x0000000704200000, 0x0000000704300000|  0%| F|  |TAMS 0x0000000704200000, 0x0000000704200000| Untracked 
|  31|0x0000000704300000, 0x0000000704300000, 0x0000000704400000|  0%| F|  |TAMS 0x0000000704300000, 0x0000000704300000| Untracked 
|  32|0x0000000704400000, 0x0000000704400000, 0x0000000704500000|  0%| F|  |TAMS 0x0000000704400000, 0x0000000704400000| Untracked 
|  33|0x0000000704500000, 0x0000000704500000, 0x0000000704600000|  0%| F|  |TAMS 0x0000000704500000, 0x0000000704500000| Untracked 
|  34|0x0000000704600000, 0x0000000704600000, 0x0000000704700000|  0%| F|  |TAMS 0x0000000704600000, 0x0000000704600000| Untracked 
|  35|0x0000000704700000, 0x0000000704700000, 0x0000000704800000|  0%| F|  |TAMS 0x0000000704700000, 0x0000000704700000| Untracked 
|  36|0x0000000704800000, 0x0000000704800000, 0x0000000704900000|  0%| F|  |TAMS 0x0000000704800000, 0x0000000704800000| Untracked 
|  37|0x0000000704900000, 0x0000000704900000, 0x0000000704a00000|  0%| F|  |TAMS 0x0000000704900000, 0x0000000704900000| Untracked 
|  38|0x0000000704a00000, 0x0000000704a00000, 0x0000000704b00000|  0%| F|  |TAMS 0x0000000704a00000, 0x0000000704a00000| Untracked 
|  39|0x0000000704b00000, 0x0000000704b00000, 0x0000000704c00000|  0%| F|  |TAMS 0x0000000704b00000, 0x0000000704b00000| Untracked 
|  40|0x0000000704c00000, 0x0000000704c00000, 0x0000000704d00000|  0%| F|  |TAMS 0x0000000704c00000, 0x0000000704c00000| Untracked 
|  41|0x0000000704d00000, 0x0000000704d00000, 0x0000000704e00000|  0%| F|  |TAMS 0x0000000704d00000, 0x0000000704d00000| Untracked 
|  42|0x0000000704e00000, 0x0000000704e00000, 0x0000000704f00000|  0%| F|  |TAMS 0x0000000704e00000, 0x0000000704e00000| Untracked 
|  43|0x0000000704f00000, 0x0000000704f00000, 0x0000000705000000|  0%| F|  |TAMS 0x0000000704f00000, 0x0000000704f00000| Untracked 
|  44|0x0000000705000000, 0x0000000705000000, 0x0000000705100000|  0%| F|  |TAMS 0x0000000705000000, 0x0000000705000000| Untracked 
|  45|0x0000000705100000, 0x0000000705100000, 0x0000000705200000|  0%| F|  |TAMS 0x0000000705100000, 0x0000000705100000| Untracked 
|  46|0x0000000705200000, 0x0000000705200000, 0x0000000705300000|  0%| F|  |TAMS 0x0000000705200000, 0x0000000705200000| Untracked 
|  47|0x0000000705300000, 0x0000000705300000, 0x0000000705400000|  0%| F|  |TAMS 0x0000000705300000, 0x0000000705300000| Untracked 
|  48|0x0000000705400000, 0x0000000705400000, 0x0000000705500000|  0%| F|  |TAMS 0x0000000705400000, 0x0000000705400000| Untracked 
|  49|0x0000000705500000, 0x0000000705500000, 0x0000000705600000|  0%| F|  |TAMS 0x0000000705500000, 0x0000000705500000| Untracked 
|  50|0x0000000705600000, 0x0000000705600000, 0x0000000705700000|  0%| F|  |TAMS 0x0000000705600000, 0x0000000705600000| Untracked 
|  51|0x0000000705700000, 0x0000000705700000, 0x0000000705800000|  0%| F|  |TAMS 0x0000000705700000, 0x0000000705700000| Untracked 
|  52|0x0000000705800000, 0x0000000705800000, 0x0000000705900000|  0%| F|  |TAMS 0x0000000705800000, 0x0000000705800000| Untracked 
|  53|0x0000000705900000, 0x0000000705900000, 0x0000000705a00000|  0%| F|  |TAMS 0x0000000705900000, 0x0000000705900000| Untracked 
|  54|0x0000000705a00000, 0x0000000705a00000, 0x0000000705b00000|  0%| F|  |TAMS 0x0000000705a00000, 0x0000000705a00000| Untracked 
|  55|0x0000000705b00000, 0x0000000705b00000, 0x0000000705c00000|  0%| F|  |TAMS 0x0000000705b00000, 0x0000000705b00000| Untracked 
|  56|0x0000000705c00000, 0x0000000705c00000, 0x0000000705d00000|  0%| F|  |TAMS 0x0000000705c00000, 0x0000000705c00000| Untracked 
|  57|0x0000000705d00000, 0x0000000705d00000, 0x0000000705e00000|  0%| F|  |TAMS 0x0000000705d00000, 0x0000000705d00000| Untracked 
|  58|0x0000000705e00000, 0x0000000705e00000, 0x0000000705f00000|  0%| F|  |TAMS 0x0000000705e00000, 0x0000000705e00000| Untracked 
|  59|0x0000000705f00000, 0x0000000705f00000, 0x0000000706000000|  0%| F|  |TAMS 0x0000000705f00000, 0x0000000705f00000| Untracked 
|  60|0x0000000706000000, 0x0000000706000000, 0x0000000706100000|  0%| F|  |TAMS 0x0000000706000000, 0x0000000706000000| Untracked 
|  61|0x0000000706100000, 0x0000000706100000, 0x0000000706200000|  0%| F|  |TAMS 0x0000000706100000, 0x0000000706100000| Untracked 
|  62|0x0000000706200000, 0x0000000706200000, 0x0000000706300000|  0%| F|  |TAMS 0x0000000706200000, 0x0000000706200000| Untracked 
|  63|0x0000000706300000, 0x0000000706300000, 0x0000000706400000|  0%| F|  |TAMS 0x0000000706300000, 0x0000000706300000| Untracked 
|  64|0x0000000706400000, 0x0000000706400000, 0x0000000706500000|  0%| F|  |TAMS 0x0000000706400000, 0x0000000706400000| Untracked 
|  65|0x0000000706500000, 0x0000000706500000, 0x0000000706600000|  0%| F|  |TAMS 0x0000000706500000, 0x0000000706500000| Untracked 
|  66|0x0000000706600000, 0x0000000706600000, 0x0000000706700000|  0%| F|  |TAMS 0x0000000706600000, 0x0000000706600000| Untracked 
|  67|0x0000000706700000, 0x0000000706700000, 0x0000000706800000|  0%| F|  |TAMS 0x0000000706700000, 0x0000000706700000| Untracked 
|  68|0x0000000706800000, 0x0000000706800000, 0x0000000706900000|  0%| F|  |TAMS 0x0000000706800000, 0x0000000706800000| Untracked 
|  69|0x0000000706900000, 0x0000000706900000, 0x0000000706a00000|  0%| F|  |TAMS 0x0000000706900000, 0x0000000706900000| Untracked 
|  70|0x0000000706a00000, 0x0000000706a00000, 0x0000000706b00000|  0%| F|  |TAMS 0x0000000706a00000, 0x0000000706a00000| Untracked 
|  71|0x0000000706b00000, 0x0000000706b00000, 0x0000000706c00000|  0%| F|  |TAMS 0x0000000706b00000, 0x0000000706b00000| Untracked 
|  72|0x0000000706c00000, 0x0000000706c00000, 0x0000000706d00000|  0%| F|  |TAMS 0x0000000706c00000, 0x0000000706c00000| Untracked 
|  73|0x0000000706d00000, 0x0000000706d00000, 0x0000000706e00000|  0%| F|  |TAMS 0x0000000706d00000, 0x0000000706d00000| Untracked 
|  74|0x0000000706e00000, 0x0000000706e00000, 0x0000000706f00000|  0%| F|  |TAMS 0x0000000706e00000, 0x0000000706e00000| Untracked 
|  75|0x0000000706f00000, 0x0000000706f00000, 0x0000000707000000|  0%| F|  |TAMS 0x0000000706f00000, 0x0000000706f00000| Untracked 
|  76|0x0000000707000000, 0x0000000707000000, 0x0000000707100000|  0%| F|  |TAMS 0x0000000707000000, 0x0000000707000000| Untracked 
|  77|0x0000000707100000, 0x0000000707100000, 0x0000000707200000|  0%| F|  |TAMS 0x0000000707100000, 0x0000000707100000| Untracked 
|  78|0x0000000707200000, 0x0000000707200000, 0x0000000707300000|  0%| F|  |TAMS 0x0000000707200000, 0x0000000707200000| Untracked 
|  79|0x0000000707300000, 0x0000000707300000, 0x0000000707400000|  0%| F|  |TAMS 0x0000000707300000, 0x0000000707300000| Untracked 
|  80|0x0000000707400000, 0x0000000707400000, 0x0000000707500000|  0%| F|  |TAMS 0x0000000707400000, 0x0000000707400000| Untracked 
|  81|0x0000000707500000, 0x0000000707500000, 0x0000000707600000|  0%| F|  |TAMS 0x0000000707500000, 0x0000000707500000| Untracked 
|  82|0x0000000707600000, 0x0000000707600000, 0x0000000707700000|  0%| F|  |TAMS 0x0000000707600000, 0x0000000707600000| Untracked 
|  83|0x0000000707700000, 0x0000000707700000, 0x0000000707800000|  0%| F|  |TAMS 0x0000000707700000, 0x0000000707700000| Untracked 
|  84|0x0000000707800000, 0x0000000707800000, 0x0000000707900000|  0%| F|  |TAMS 0x0000000707800000, 0x0000000707800000| Untracked 
|  85|0x0000000707900000, 0x0000000707900000, 0x0000000707a00000|  0%| F|  |TAMS 0x0000000707900000, 0x0000000707900000| Untracked 
|  86|0x0000000707a00000, 0x0000000707a00000, 0x0000000707b00000|  0%| F|  |TAMS 0x0000000707a00000, 0x0000000707a00000| Untracked 
|  87|0x0000000707b00000, 0x0000000707b00000, 0x0000000707c00000|  0%| F|  |TAMS 0x0000000707b00000, 0x0000000707b00000| Untracked 
|  88|0x0000000707c00000, 0x0000000707c00000, 0x0000000707d00000|  0%| F|  |TAMS 0x0000000707c00000, 0x0000000707c00000| Untracked 
|  89|0x0000000707d00000, 0x0000000707d00000, 0x0000000707e00000|  0%| F|  |TAMS 0x0000000707d00000, 0x0000000707d00000| Untracked 
|  90|0x0000000707e00000, 0x0000000707e00000, 0x0000000707f00000|  0%| F|  |TAMS 0x0000000707e00000, 0x0000000707e00000| Untracked 
|  91|0x0000000707f00000, 0x0000000707f00000, 0x0000000708000000|  0%| F|  |TAMS 0x0000000707f00000, 0x0000000707f00000| Untracked 
|  92|0x0000000708000000, 0x0000000708000000, 0x0000000708100000|  0%| F|  |TAMS 0x0000000708000000, 0x0000000708000000| Untracked 
|  93|0x0000000708100000, 0x0000000708100000, 0x0000000708200000|  0%| F|  |TAMS 0x0000000708100000, 0x0000000708100000| Untracked 
|  94|0x0000000708200000, 0x0000000708200000, 0x0000000708300000|  0%| F|  |TAMS 0x0000000708200000, 0x0000000708200000| Untracked 
|  95|0x0000000708300000, 0x0000000708300000, 0x0000000708400000|  0%| F|  |TAMS 0x0000000708300000, 0x0000000708300000| Untracked 
|  96|0x0000000708400000, 0x0000000708400000, 0x0000000708500000|  0%| F|  |TAMS 0x0000000708400000, 0x0000000708400000| Untracked 
|  97|0x0000000708500000, 0x0000000708500000, 0x0000000708600000|  0%| F|  |TAMS 0x0000000708500000, 0x0000000708500000| Untracked 
|  98|0x0000000708600000, 0x0000000708600000, 0x0000000708700000|  0%| F|  |TAMS 0x0000000708600000, 0x0000000708600000| Untracked 
|  99|0x0000000708700000, 0x0000000708700000, 0x0000000708800000|  0%| F|  |TAMS 0x0000000708700000, 0x0000000708700000| Untracked 
| 100|0x0000000708800000, 0x0000000708800000, 0x0000000708900000|  0%| F|  |TAMS 0x0000000708800000, 0x0000000708800000| Untracked 
| 101|0x0000000708900000, 0x0000000708900000, 0x0000000708a00000|  0%| F|  |TAMS 0x0000000708900000, 0x0000000708900000| Untracked 
| 102|0x0000000708a00000, 0x0000000708a00000, 0x0000000708b00000|  0%| F|  |TAMS 0x0000000708a00000, 0x0000000708a00000| Untracked 
| 103|0x0000000708b00000, 0x0000000708b00000, 0x0000000708c00000|  0%| F|  |TAMS 0x0000000708b00000, 0x0000000708b00000| Untracked 
| 104|0x0000000708c00000, 0x0000000708c00000, 0x0000000708d00000|  0%| F|  |TAMS 0x0000000708c00000, 0x0000000708c00000| Untracked 
| 105|0x0000000708d00000, 0x0000000708d00000, 0x0000000708e00000|  0%| F|  |TAMS 0x0000000708d00000, 0x0000000708d00000| Untracked 
| 106|0x0000000708e00000, 0x0000000708e00000, 0x0000000708f00000|  0%| F|  |TAMS 0x0000000708e00000, 0x0000000708e00000| Untracked 
| 107|0x0000000708f00000, 0x0000000708f00000, 0x0000000709000000|  0%| F|  |TAMS 0x0000000708f00000, 0x0000000708f00000| Untracked 
| 108|0x0000000709000000, 0x0000000709000000, 0x0000000709100000|  0%| F|  |TAMS 0x0000000709000000, 0x0000000709000000| Untracked 
| 109|0x0000000709100000, 0x0000000709100000, 0x0000000709200000|  0%| F|  |TAMS 0x0000000709100000, 0x0000000709100000| Untracked 
| 110|0x0000000709200000, 0x0000000709200000, 0x0000000709300000|  0%| F|  |TAMS 0x0000000709200000, 0x0000000709200000| Untracked 
| 111|0x0000000709300000, 0x0000000709300000, 0x0000000709400000|  0%| F|  |TAMS 0x0000000709300000, 0x0000000709300000| Untracked 
| 112|0x0000000709400000, 0x0000000709400000, 0x0000000709500000|  0%| F|  |TAMS 0x0000000709400000, 0x0000000709400000| Untracked 
| 113|0x0000000709500000, 0x0000000709500000, 0x0000000709600000|  0%| F|  |TAMS 0x0000000709500000, 0x0000000709500000| Untracked 
| 114|0x0000000709600000, 0x0000000709600000, 0x0000000709700000|  0%| F|  |TAMS 0x0000000709600000, 0x0000000709600000| Untracked 
| 115|0x0000000709700000, 0x0000000709700000, 0x0000000709800000|  0%| F|  |TAMS 0x0000000709700000, 0x0000000709700000| Untracked 
| 116|0x0000000709800000, 0x0000000709800000, 0x0000000709900000|  0%| F|  |TAMS 0x0000000709800000, 0x0000000709800000| Untracked 
| 117|0x0000000709900000, 0x0000000709900000, 0x0000000709a00000|  0%| F|  |TAMS 0x0000000709900000, 0x0000000709900000| Untracked 
| 118|0x0000000709a00000, 0x0000000709a00000, 0x0000000709b00000|  0%| F|  |TAMS 0x0000000709a00000, 0x0000000709a00000| Untracked 
| 119|0x0000000709b00000, 0x0000000709b00000, 0x0000000709c00000|  0%| F|  |TAMS 0x0000000709b00000, 0x0000000709b00000| Untracked 
| 120|0x0000000709c00000, 0x0000000709c00000, 0x0000000709d00000|  0%| F|  |TAMS 0x0000000709c00000, 0x0000000709c00000| Untracked 
| 121|0x0000000709d00000, 0x0000000709d00000, 0x0000000709e00000|  0%| F|  |TAMS 0x0000000709d00000, 0x0000000709d00000| Untracked 
| 122|0x0000000709e00000, 0x0000000709e00000, 0x0000000709f00000|  0%| F|  |TAMS 0x0000000709e00000, 0x0000000709e00000| Untracked 
| 123|0x0000000709f00000, 0x0000000709f00000, 0x000000070a000000|  0%| F|  |TAMS 0x0000000709f00000, 0x0000000709f00000| Untracked 
| 124|0x000000070a000000, 0x000000070a000000, 0x000000070a100000|  0%| F|  |TAMS 0x000000070a000000, 0x000000070a000000| Untracked 
| 125|0x000000070a100000, 0x000000070a100000, 0x000000070a200000|  0%| F|  |TAMS 0x000000070a100000, 0x000000070a100000| Untracked 
| 126|0x000000070a200000, 0x000000070a200000, 0x000000070a300000|  0%| F|  |TAMS 0x000000070a200000, 0x000000070a200000| Untracked 
| 127|0x000000070a300000, 0x000000070a300000, 0x000000070a400000|  0%| F|  |TAMS 0x000000070a300000, 0x000000070a300000| Untracked 
| 128|0x000000070a400000, 0x000000070a400000, 0x000000070a500000|  0%| F|  |TAMS 0x000000070a400000, 0x000000070a400000| Untracked 
| 129|0x000000070a500000, 0x000000070a500000, 0x000000070a600000|  0%| F|  |TAMS 0x000000070a500000, 0x000000070a500000| Untracked 
| 130|0x000000070a600000, 0x000000070a600000, 0x000000070a700000|  0%| F|  |TAMS 0x000000070a600000, 0x000000070a600000| Untracked 
| 131|0x000000070a700000, 0x000000070a700000, 0x000000070a800000|  0%| F|  |TAMS 0x000000070a700000, 0x000000070a700000| Untracked 
| 132|0x000000070a800000, 0x000000070a800000, 0x000000070a900000|  0%| F|  |TAMS 0x000000070a800000, 0x000000070a800000| Untracked 
| 133|0x000000070a900000, 0x000000070a900000, 0x000000070aa00000|  0%| F|  |TAMS 0x000000070a900000, 0x000000070a900000| Untracked 
| 134|0x000000070aa00000, 0x000000070aa00000, 0x000000070ab00000|  0%| F|  |TAMS 0x000000070aa00000, 0x000000070aa00000| Untracked 
| 135|0x000000070ab00000, 0x000000070ab00000, 0x000000070ac00000|  0%| F|  |TAMS 0x000000070ab00000, 0x000000070ab00000| Untracked 
| 136|0x000000070ac00000, 0x000000070ac00000, 0x000000070ad00000|  0%| F|  |TAMS 0x000000070ac00000, 0x000000070ac00000| Untracked 
| 137|0x000000070ad00000, 0x000000070ad00000, 0x000000070ae00000|  0%| F|  |TAMS 0x000000070ad00000, 0x000000070ad00000| Untracked 
| 138|0x000000070ae00000, 0x000000070ae00000, 0x000000070af00000|  0%| F|  |TAMS 0x000000070ae00000, 0x000000070ae00000| Untracked 
| 139|0x000000070af00000, 0x000000070af00000, 0x000000070b000000|  0%| F|  |TAMS 0x000000070af00000, 0x000000070af00000| Untracked 
| 140|0x000000070b000000, 0x000000070b000000, 0x000000070b100000|  0%| F|  |TAMS 0x000000070b000000, 0x000000070b000000| Untracked 
| 141|0x000000070b100000, 0x000000070b100000, 0x000000070b200000|  0%| F|  |TAMS 0x000000070b100000, 0x000000070b100000| Untracked 
| 142|0x000000070b200000, 0x000000070b200000, 0x000000070b300000|  0%| F|  |TAMS 0x000000070b200000, 0x000000070b200000| Untracked 
| 143|0x000000070b300000, 0x000000070b300000, 0x000000070b400000|  0%| F|  |TAMS 0x000000070b300000, 0x000000070b300000| Untracked 
| 144|0x000000070b400000, 0x000000070b400000, 0x000000070b500000|  0%| F|  |TAMS 0x000000070b400000, 0x000000070b400000| Untracked 
| 145|0x000000070b500000, 0x000000070b500000, 0x000000070b600000|  0%| F|  |TAMS 0x000000070b500000, 0x000000070b500000| Untracked 
| 146|0x000000070b600000, 0x000000070b600000, 0x000000070b700000|  0%| F|  |TAMS 0x000000070b600000, 0x000000070b600000| Untracked 
| 147|0x000000070b700000, 0x000000070b700000, 0x000000070b800000|  0%| F|  |TAMS 0x000000070b700000, 0x000000070b700000| Untracked 
| 148|0x000000070b800000, 0x000000070b800000, 0x000000070b900000|  0%| F|  |TAMS 0x000000070b800000, 0x000000070b800000| Untracked 
| 149|0x000000070b900000, 0x000000070b900000, 0x000000070ba00000|  0%| F|  |TAMS 0x000000070b900000, 0x000000070b900000| Untracked 
| 150|0x000000070ba00000, 0x000000070ba00000, 0x000000070bb00000|  0%| F|  |TAMS 0x000000070ba00000, 0x000000070ba00000| Untracked 
| 151|0x000000070bb00000, 0x000000070bb00000, 0x000000070bc00000|  0%| F|  |TAMS 0x000000070bb00000, 0x000000070bb00000| Untracked 
| 152|0x000000070bc00000, 0x000000070bc00000, 0x000000070bd00000|  0%| F|  |TAMS 0x000000070bc00000, 0x000000070bc00000| Untracked 
| 153|0x000000070bd00000, 0x000000070bd00000, 0x000000070be00000|  0%| F|  |TAMS 0x000000070bd00000, 0x000000070bd00000| Untracked 
| 154|0x000000070be00000, 0x000000070be00000, 0x000000070bf00000|  0%| F|  |TAMS 0x000000070be00000, 0x000000070be00000| Untracked 
| 155|0x000000070bf00000, 0x000000070bf00000, 0x000000070c000000|  0%| F|  |TAMS 0x000000070bf00000, 0x000000070bf00000| Untracked 
| 156|0x000000070c000000, 0x000000070c000000, 0x000000070c100000|  0%| F|  |TAMS 0x000000070c000000, 0x000000070c000000| Untracked 
| 157|0x000000070c100000, 0x000000070c100000, 0x000000070c200000|  0%| F|  |TAMS 0x000000070c100000, 0x000000070c100000| Untracked 
| 158|0x000000070c200000, 0x000000070c200000, 0x000000070c300000|  0%| F|  |TAMS 0x000000070c200000, 0x000000070c200000| Untracked 
| 159|0x000000070c300000, 0x000000070c300000, 0x000000070c400000|  0%| F|  |TAMS 0x000000070c300000, 0x000000070c300000| Untracked 
| 160|0x000000070c400000, 0x000000070c400000, 0x000000070c500000|  0%| F|  |TAMS 0x000000070c400000, 0x000000070c400000| Untracked 
| 161|0x000000070c500000, 0x000000070c500000, 0x000000070c600000|  0%| F|  |TAMS 0x000000070c500000, 0x000000070c500000| Untracked 
| 162|0x000000070c600000, 0x000000070c600000, 0x000000070c700000|  0%| F|  |TAMS 0x000000070c600000, 0x000000070c600000| Untracked 
| 163|0x000000070c700000, 0x000000070c700000, 0x000000070c800000|  0%| F|  |TAMS 0x000000070c700000, 0x000000070c700000| Untracked 
| 164|0x000000070c800000, 0x000000070c800000, 0x000000070c900000|  0%| F|  |TAMS 0x000000070c800000, 0x000000070c800000| Untracked 
| 165|0x000000070c900000, 0x000000070c900000, 0x000000070ca00000|  0%| F|  |TAMS 0x000000070c900000, 0x000000070c900000| Untracked 
| 166|0x000000070ca00000, 0x000000070ca00000, 0x000000070cb00000|  0%| F|  |TAMS 0x000000070ca00000, 0x000000070ca00000| Untracked 
| 167|0x000000070cb00000, 0x000000070cb00000, 0x000000070cc00000|  0%| F|  |TAMS 0x000000070cb00000, 0x000000070cb00000| Untracked 
| 168|0x000000070cc00000, 0x000000070cc00000, 0x000000070cd00000|  0%| F|  |TAMS 0x000000070cc00000, 0x000000070cc00000| Untracked 
| 169|0x000000070cd00000, 0x000000070cd00000, 0x000000070ce00000|  0%| F|  |TAMS 0x000000070cd00000, 0x000000070cd00000| Untracked 
| 170|0x000000070ce00000, 0x000000070ce00000, 0x000000070cf00000|  0%| F|  |TAMS 0x000000070ce00000, 0x000000070ce00000| Untracked 
| 171|0x000000070cf00000, 0x000000070cf00000, 0x000000070d000000|  0%| F|  |TAMS 0x000000070cf00000, 0x000000070cf00000| Untracked 
| 172|0x000000070d000000, 0x000000070d000000, 0x000000070d100000|  0%| F|  |TAMS 0x000000070d000000, 0x000000070d000000| Untracked 
| 173|0x000000070d100000, 0x000000070d100000, 0x000000070d200000|  0%| F|  |TAMS 0x000000070d100000, 0x000000070d100000| Untracked 
| 174|0x000000070d200000, 0x000000070d200000, 0x000000070d300000|  0%| F|  |TAMS 0x000000070d200000, 0x000000070d200000| Untracked 
| 175|0x000000070d300000, 0x000000070d300000, 0x000000070d400000|  0%| F|  |TAMS 0x000000070d300000, 0x000000070d300000| Untracked 
| 176|0x000000070d400000, 0x000000070d400000, 0x000000070d500000|  0%| F|  |TAMS 0x000000070d400000, 0x000000070d400000| Untracked 
| 177|0x000000070d500000, 0x000000070d500000, 0x000000070d600000|  0%| F|  |TAMS 0x000000070d500000, 0x000000070d500000| Untracked 
| 178|0x000000070d600000, 0x000000070d600000, 0x000000070d700000|  0%| F|  |TAMS 0x000000070d600000, 0x000000070d600000| Untracked 
| 179|0x000000070d700000, 0x000000070d700000, 0x000000070d800000|  0%| F|  |TAMS 0x000000070d700000, 0x000000070d700000| Untracked 
| 180|0x000000070d800000, 0x000000070d800000, 0x000000070d900000|  0%| F|  |TAMS 0x000000070d800000, 0x000000070d800000| Untracked 
| 181|0x000000070d900000, 0x000000070d900000, 0x000000070da00000|  0%| F|  |TAMS 0x000000070d900000, 0x000000070d900000| Untracked 
| 182|0x000000070da00000, 0x000000070da00000, 0x000000070db00000|  0%| F|  |TAMS 0x000000070da00000, 0x000000070da00000| Untracked 
| 183|0x000000070db00000, 0x000000070db00000, 0x000000070dc00000|  0%| F|  |TAMS 0x000000070db00000, 0x000000070db00000| Untracked 
| 184|0x000000070dc00000, 0x000000070dc00000, 0x000000070dd00000|  0%| F|  |TAMS 0x000000070dc00000, 0x000000070dc00000| Untracked 
| 185|0x000000070dd00000, 0x000000070dd00000, 0x000000070de00000|  0%| F|  |TAMS 0x000000070dd00000, 0x000000070dd00000| Untracked 
| 186|0x000000070de00000, 0x000000070de00000, 0x000000070df00000|  0%| F|  |TAMS 0x000000070de00000, 0x000000070de00000| Untracked 
| 187|0x000000070df00000, 0x000000070df00000, 0x000000070e000000|  0%| F|  |TAMS 0x000000070df00000, 0x000000070df00000| Untracked 
| 188|0x000000070e000000, 0x000000070e000000, 0x000000070e100000|  0%| F|  |TAMS 0x000000070e000000, 0x000000070e000000| Untracked 
| 189|0x000000070e100000, 0x000000070e100000, 0x000000070e200000|  0%| F|  |TAMS 0x000000070e100000, 0x000000070e100000| Untracked 
| 190|0x000000070e200000, 0x000000070e200000, 0x000000070e300000|  0%| F|  |TAMS 0x000000070e200000, 0x000000070e200000| Untracked 
| 191|0x000000070e300000, 0x000000070e300000, 0x000000070e400000|  0%| F|  |TAMS 0x000000070e300000, 0x000000070e300000| Untracked 
| 192|0x000000070e400000, 0x000000070e400000, 0x000000070e500000|  0%| F|  |TAMS 0x000000070e400000, 0x000000070e400000| Untracked 
| 193|0x000000070e500000, 0x000000070e500000, 0x000000070e600000|  0%| F|  |TAMS 0x000000070e500000, 0x000000070e500000| Untracked 
| 194|0x000000070e600000, 0x000000070e600000, 0x000000070e700000|  0%| F|  |TAMS 0x000000070e600000, 0x000000070e600000| Untracked 
| 195|0x000000070e700000, 0x000000070e700000, 0x000000070e800000|  0%| F|  |TAMS 0x000000070e700000, 0x000000070e700000| Untracked 
| 196|0x000000070e800000, 0x000000070e800000, 0x000000070e900000|  0%| F|  |TAMS 0x000000070e800000, 0x000000070e800000| Untracked 
| 197|0x000000070e900000, 0x000000070e900000, 0x000000070ea00000|  0%| F|  |TAMS 0x000000070e900000, 0x000000070e900000| Untracked 
| 198|0x000000070ea00000, 0x000000070ea00000, 0x000000070eb00000|  0%| F|  |TAMS 0x000000070ea00000, 0x000000070ea00000| Untracked 
| 199|0x000000070eb00000, 0x000000070eb00000, 0x000000070ec00000|  0%| F|  |TAMS 0x000000070eb00000, 0x000000070eb00000| Untracked 
| 200|0x000000070ec00000, 0x000000070ec00000, 0x000000070ed00000|  0%| F|  |TAMS 0x000000070ec00000, 0x000000070ec00000| Untracked 
| 201|0x000000070ed00000, 0x000000070ed00000, 0x000000070ee00000|  0%| F|  |TAMS 0x000000070ed00000, 0x000000070ed00000| Untracked 
| 202|0x000000070ee00000, 0x000000070ee00000, 0x000000070ef00000|  0%| F|  |TAMS 0x000000070ee00000, 0x000000070ee00000| Untracked 
| 203|0x000000070ef00000, 0x000000070ef00000, 0x000000070f000000|  0%| F|  |TAMS 0x000000070ef00000, 0x000000070ef00000| Untracked 
| 204|0x000000070f000000, 0x000000070f000000, 0x000000070f100000|  0%| F|  |TAMS 0x000000070f000000, 0x000000070f000000| Untracked 
| 205|0x000000070f100000, 0x000000070f100000, 0x000000070f200000|  0%| F|  |TAMS 0x000000070f100000, 0x000000070f100000| Untracked 
| 206|0x000000070f200000, 0x000000070f200000, 0x000000070f300000|  0%| F|  |TAMS 0x000000070f200000, 0x000000070f200000| Untracked 
| 207|0x000000070f300000, 0x000000070f300000, 0x000000070f400000|  0%| F|  |TAMS 0x000000070f300000, 0x000000070f300000| Untracked 
| 208|0x000000070f400000, 0x000000070f400000, 0x000000070f500000|  0%| F|  |TAMS 0x000000070f400000, 0x000000070f400000| Untracked 
| 209|0x000000070f500000, 0x000000070f500000, 0x000000070f600000|  0%| F|  |TAMS 0x000000070f500000, 0x000000070f500000| Untracked 
| 210|0x000000070f600000, 0x000000070f600000, 0x000000070f700000|  0%| F|  |TAMS 0x000000070f600000, 0x000000070f600000| Untracked 
| 211|0x000000070f700000, 0x000000070f700000, 0x000000070f800000|  0%| F|  |TAMS 0x000000070f700000, 0x000000070f700000| Untracked 
| 212|0x000000070f800000, 0x000000070f800000, 0x000000070f900000|  0%| F|  |TAMS 0x000000070f800000, 0x000000070f800000| Untracked 
| 213|0x000000070f900000, 0x000000070f900000, 0x000000070fa00000|  0%| F|  |TAMS 0x000000070f900000, 0x000000070f900000| Untracked 
| 214|0x000000070fa00000, 0x000000070fa00000, 0x000000070fb00000|  0%| F|  |TAMS 0x000000070fa00000, 0x000000070fa00000| Untracked 
| 215|0x000000070fb00000, 0x000000070fb00000, 0x000000070fc00000|  0%| F|  |TAMS 0x000000070fb00000, 0x000000070fb00000| Untracked 
| 216|0x000000070fc00000, 0x000000070fc00000, 0x000000070fd00000|  0%| F|  |TAMS 0x000000070fc00000, 0x000000070fc00000| Untracked 
| 217|0x000000070fd00000, 0x000000070fd00000, 0x000000070fe00000|  0%| F|  |TAMS 0x000000070fd00000, 0x000000070fd00000| Untracked 
| 218|0x000000070fe00000, 0x000000070fe00000, 0x000000070ff00000|  0%| F|  |TAMS 0x000000070fe00000, 0x000000070fe00000| Untracked 
| 219|0x000000070ff00000, 0x000000070ff00000, 0x0000000710000000|  0%| F|  |TAMS 0x000000070ff00000, 0x000000070ff00000| Untracked 
| 220|0x0000000710000000, 0x0000000710000000, 0x0000000710100000|  0%| F|  |TAMS 0x0000000710000000, 0x0000000710000000| Untracked 
| 221|0x0000000710100000, 0x0000000710100000, 0x0000000710200000|  0%| F|  |TAMS 0x0000000710100000, 0x0000000710100000| Untracked 
| 222|0x0000000710200000, 0x0000000710200000, 0x0000000710300000|  0%| F|  |TAMS 0x0000000710200000, 0x0000000710200000| Untracked 
| 223|0x0000000710300000, 0x0000000710300000, 0x0000000710400000|  0%| F|  |TAMS 0x0000000710300000, 0x0000000710300000| Untracked 
| 224|0x0000000710400000, 0x0000000710400000, 0x0000000710500000|  0%| F|  |TAMS 0x0000000710400000, 0x0000000710400000| Untracked 
| 225|0x0000000710500000, 0x0000000710500000, 0x0000000710600000|  0%| F|  |TAMS 0x0000000710500000, 0x0000000710500000| Untracked 
| 226|0x0000000710600000, 0x0000000710600000, 0x0000000710700000|  0%| F|  |TAMS 0x0000000710600000, 0x0000000710600000| Untracked 
| 227|0x0000000710700000, 0x0000000710700000, 0x0000000710800000|  0%| F|  |TAMS 0x0000000710700000, 0x0000000710700000| Untracked 
| 228|0x0000000710800000, 0x0000000710800000, 0x0000000710900000|  0%| F|  |TAMS 0x0000000710800000, 0x0000000710800000| Untracked 
| 229|0x0000000710900000, 0x0000000710900000, 0x0000000710a00000|  0%| F|  |TAMS 0x0000000710900000, 0x0000000710900000| Untracked 
| 230|0x0000000710a00000, 0x0000000710a00000, 0x0000000710b00000|  0%| F|  |TAMS 0x0000000710a00000, 0x0000000710a00000| Untracked 
| 231|0x0000000710b00000, 0x0000000710b00000, 0x0000000710c00000|  0%| F|  |TAMS 0x0000000710b00000, 0x0000000710b00000| Untracked 
| 232|0x0000000710c00000, 0x0000000710c00000, 0x0000000710d00000|  0%| F|  |TAMS 0x0000000710c00000, 0x0000000710c00000| Untracked 
| 233|0x0000000710d00000, 0x0000000710d00000, 0x0000000710e00000|  0%| F|  |TAMS 0x0000000710d00000, 0x0000000710d00000| Untracked 
| 234|0x0000000710e00000, 0x0000000710e00000, 0x0000000710f00000|  0%| F|  |TAMS 0x0000000710e00000, 0x0000000710e00000| Untracked 
| 235|0x0000000710f00000, 0x0000000710f00000, 0x0000000711000000|  0%| F|  |TAMS 0x0000000710f00000, 0x0000000710f00000| Untracked 
| 236|0x0000000711000000, 0x0000000711000000, 0x0000000711100000|  0%| F|  |TAMS 0x0000000711000000, 0x0000000711000000| Untracked 
| 237|0x0000000711100000, 0x0000000711100000, 0x0000000711200000|  0%| F|  |TAMS 0x0000000711100000, 0x0000000711100000| Untracked 
| 238|0x0000000711200000, 0x0000000711200000, 0x0000000711300000|  0%| F|  |TAMS 0x0000000711200000, 0x0000000711200000| Untracked 
| 239|0x0000000711300000, 0x0000000711300000, 0x0000000711400000|  0%| F|  |TAMS 0x0000000711300000, 0x0000000711300000| Untracked 
| 240|0x0000000711400000, 0x0000000711400000, 0x0000000711500000|  0%| F|  |TAMS 0x0000000711400000, 0x0000000711400000| Untracked 
| 241|0x0000000711500000, 0x0000000711500000, 0x0000000711600000|  0%| F|  |TAMS 0x0000000711500000, 0x0000000711500000| Untracked 
| 242|0x0000000711600000, 0x00000007116e1bd0, 0x0000000711700000| 88%| S|CS|TAMS 0x0000000711600000, 0x0000000711600000| Complete 
| 243|0x0000000711700000, 0x0000000711800000, 0x0000000711800000|100%| S|CS|TAMS 0x0000000711700000, 0x0000000711700000| Complete 
| 244|0x0000000711800000, 0x0000000711800000, 0x0000000711900000|  0%| F|  |TAMS 0x0000000711800000, 0x0000000711800000| Untracked 
| 245|0x0000000711900000, 0x0000000711900000, 0x0000000711a00000|  0%| F|  |TAMS 0x0000000711900000, 0x0000000711900000| Untracked 
| 246|0x0000000711a00000, 0x0000000711a00000, 0x0000000711b00000|  0%| F|  |TAMS 0x0000000711a00000, 0x0000000711a00000| Untracked 
| 247|0x0000000711b00000, 0x0000000711b00000, 0x0000000711c00000|  0%| F|  |TAMS 0x0000000711b00000, 0x0000000711b00000| Untracked 
| 248|0x0000000711c00000, 0x0000000711c00000, 0x0000000711d00000|  0%| F|  |TAMS 0x0000000711c00000, 0x0000000711c00000| Untracked 
| 249|0x0000000711d00000, 0x0000000711d00000, 0x0000000711e00000|  0%| F|  |TAMS 0x0000000711d00000, 0x0000000711d00000| Untracked 
| 250|0x0000000711e00000, 0x0000000711f00000, 0x0000000711f00000|100%| E|  |TAMS 0x0000000711e00000, 0x0000000711e00000| Complete 
| 251|0x0000000711f00000, 0x0000000712000000, 0x0000000712000000|100%| E|CS|TAMS 0x0000000711f00000, 0x0000000711f00000| Complete 
| 252|0x0000000712000000, 0x0000000712100000, 0x0000000712100000|100%| E|CS|TAMS 0x0000000712000000, 0x0000000712000000| Complete 
| 253|0x0000000712100000, 0x0000000712200000, 0x0000000712200000|100%| E|CS|TAMS 0x0000000712100000, 0x0000000712100000| Complete 

Card table byte_map: [0x0000025675350000,0x0000025675b40000] _byte_map_base: 0x0000025671b3e000

Marking Bits (Prev, Next): (CMBitMap*) 0x000002566c24e5f8, (CMBitMap*) 0x000002566c24e630
 Prev Bits: [0x0000025676330000, 0x000002567a2a0000)
 Next Bits: [0x000002567a2a0000, 0x000002567e210000)

Polling page: 0x000002566c290000

Metaspace:

Usage:
  Non-class:     12.52 MB capacity,    12.25 MB ( 98%) used,   240.27 KB (  2%) free+waste,    35.63 KB ( <1%) overhead. 
      Class:      1.66 MB capacity,     1.50 MB ( 90%) used,   152.99 KB (  9%) free+waste,    17.94 KB (  1%) overhead. 
       Both:     14.19 MB capacity,    13.75 MB ( 97%) used,   393.26 KB (  3%) free+waste,    53.56 KB ( <1%) overhead. 

Virtual space:
  Non-class space:       14.00 MB reserved,      12.75 MB ( 91%) committed 
      Class space:        1.00 GB reserved,       1.75 MB ( <1%) committed 
             Both:        1.01 GB reserved,      14.50 MB (  1%) committed 

Chunk freelists:
   Non-Class:  4.88 KB
       Class:  3.13 KB
        Both:  8.00 KB

CodeHeap 'non-profiled nmethods': size=238912Kb used=1850Kb max_used=1850Kb free=237061Kb
 bounds [0x00000256006b0000, 0x0000025600920000, 0x000002560f000000]
CodeHeap 'non-nmethods': size=6848Kb used=2244Kb max_used=2244Kb free=4604Kb
 bounds [0x0000025600000000, 0x0000025600270000, 0x00000256006b0000]
 total_blobs=1678 nmethods=1247 adapters=339
 compilation: enabled
              stopped_count=0, restarted_count=0
 full_count=0

Compilation events (10 events):
Event: 2.127 Thread 0x000002567f39c000 1076       1       java.net.URLStreamHandler::parseURL (1201 bytes)
Event: 2.127 Thread 0x000002567f39d000 nmethod 1075 0x0000025600826910 code [0x0000025600826ae0, 0x0000025600826c80]
Event: 2.128 Thread 0x000002567f1ac000 nmethod 1071 0x0000025600826d90 code [0x00000256008271e0, 0x0000025600828ad0]
Event: 2.135 Thread 0x000002567f39d000 1077       1       java.lang.ClassLoader::checkName (37 bytes)
Event: 2.136 Thread 0x000002567f39d000 nmethod 1077 0x000002560082a490 code [0x000002560082a680, 0x000002560082a9c0]
Event: 2.139 Thread 0x000002567f1ac000 1078       1       java.lang.StringLatin1::regionMatchesCI (92 bytes)
Event: 2.139 Thread 0x000002567f1ac000 nmethod 1078 0x000002560082ac10 code [0x000002560082ae40, 0x000002560082b1e0]
Event: 2.140 Thread 0x000002567f39c000 nmethod 1076 0x000002560082b510 code [0x000002560082bdc0, 0x000002560082f930]
Event: 2.142 Thread 0x000002567f39d000 1079       1       jdk.internal.misc.SharedSecrets::javaUtilJarAccess (18 bytes)
Event: 2.142 Thread 0x000002567f39d000 nmethod 1079 0x0000025600832210 code [0x00000256008323c0, 0x0000025600832510]

GC Heap History (2 events):
Event: 0.806 GC heap before
{Heap before GC invocations=0 (full 0):
 garbage-first heap   total 260096K, used 13312K [0x0000000702400000, 0x0000000800000000)
  region size 1024K, 14 young (14336K), 0 survivors (0K)
 Metaspace       used 6091K, capacity 6174K, committed 6272K, reserved 1056768K
  class space    used 542K, capacity 567K, committed 640K, reserved 1048576K
}
Event: 0.812 GC heap after
{Heap after GC invocations=1 (full 0):
 garbage-first heap   total 260096K, used 5915K [0x0000000702400000, 0x0000000800000000)
  region size 1024K, 2 young (2048K), 2 survivors (2048K)
 Metaspace       used 6091K, capacity 6174K, committed 6272K, reserved 1056768K
  class space    used 542K, capacity 567K, committed 640K, reserved 1048576K
}

Deoptimization events (0 events):
No events

Classes redefined (0 events):
No events

Internal exceptions (10 events):
Event: 0.932 Thread 0x000002566c1eb800 Exception <a 'java/lang/NoSuchMethodError'{0x0000000711f50cd0}: java.lang.invoke.DirectMethodHandle$Holder.invokeStatic(Ljava/lang/Object;Ljava/lang/Object;Ljava/lang/Object;Ljava/lang/Object;Ljava/lang/Object;Ljava/lang/Object;Ljava/lang/Object;Ljava/lan
Event: 1.064 Thread 0x000002566c1eb800 Exception <a 'java/lang/NoSuchMethodError'{0x0000000711d37fb0}: java.lang.invoke.DirectMethodHandle$Holder.invokeSpecialIFC(Ljava/lang/Object;Ljava/lang/Object;Ljava/lang/Object;)I> (0x0000000711d37fb0) thrown at [t:/workspace/open/src/hotspot/share/inter
Event: 1.086 Thread 0x000002566c1eb800 Exception <a 'java/lang/NoSuchMethodError'{0x0000000711d9b440}: java.lang.invoke.DirectMethodHandle$Holder.invokeStatic(Ljava/lang/Object;IIII)Ljava/lang/Object;> (0x0000000711d9b440) thrown at [t:/workspace/open/src/hotspot/share/interpreter/linkResolver
Event: 1.086 Thread 0x000002566c1eb800 Exception <a 'java/lang/NoSuchMethodError'{0x0000000711d9e558}: java.lang.invoke.DirectMethodHandle$Holder.invokeStaticInit(Ljava/lang/Object;IIII)Ljava/lang/Object;> (0x0000000711d9e558) thrown at [t:/workspace/open/src/hotspot/share/interpreter/linkReso
Event: 2.007 Thread 0x000002566c1eb800 Exception <a 'java/lang/NoSuchMethodError'{0x0000000711dca7d0}: java.lang.invoke.DirectMethodHandle$Holder.invokeStatic(Ljava/lang/Object;Ljava/lang/Object;IIII)Ljava/lang/Object;> (0x0000000711dca7d0) thrown at [t:/workspace/open/src/hotspot/share/interp
Event: 2.007 Thread 0x000002566c1eb800 Exception <a 'java/lang/NoSuchMethodError'{0x0000000711dcdb18}: java.lang.invoke.DirectMethodHandle$Holder.invokeStaticInit(Ljava/lang/Object;Ljava/lang/Object;IIII)Ljava/lang/Object;> (0x0000000711dcdb18) thrown at [t:/workspace/open/src/hotspot/share/in
Event: 2.026 Thread 0x000002566c1eb800 Exception <a 'java/lang/ClassNotFoundException'{0x0000000711deb578}: javax/management/remote/rmi/RMIServerImpl_Skel> (0x0000000711deb578) thrown at [t:/workspace/open/src/hotspot/share/classfile/systemDictionary.cpp, line 231]
Event: 2.075 Thread 0x000002566c1eb800 Exception <a 'java/lang/ClassNotFoundException'{0x0000000711ca1418}: jdk/internal/agent/resources/spi/agentProvider> (0x0000000711ca1418) thrown at [t:/workspace/open/src/hotspot/share/classfile/systemDictionary.cpp, line 231]
Event: 2.083 Thread 0x000002566c1eb800 Exception <a 'java/lang/NoSuchMethodError'{0x0000000711cf71e8}: java.lang.invoke.DirectMethodHandle$Holder.invokeStatic(Ljava/lang/Object;Ljava/lang/Object;Ljava/lang/Object;Ljava/lang/Object;Ljava/lang/Object;Ljava/lang/Object;Ljava/lang/Object;Ljava/lan
Event: 2.084 Thread 0x000002566c1eb800 Exception <a 'java/lang/NoSuchMethodError'{0x0000000711b04218}: java.lang.invoke.DirectMethodHandle$Holder.invokeStatic(Ljava/lang/Object;Ljava/lang/Object;Ljava/lang/Object;Ljava/lang/Object;Ljava/lang/Object;Ljava/lang/Object;Ljava/lang/Object;Ljava/lan

Events (10 events):
Event: 2.144 loading class sun/security/provider/PolicyFile$PolicyInfo done
Event: 2.144 loading class jdk/internal/misc/JavaSecurityAccess$ProtectionDomainCache
Event: 2.144 loading class jdk/internal/misc/JavaSecurityAccess$ProtectionDomainCache done
Event: 2.144 loading class java/security/ProtectionDomain$JavaSecurityAccessImpl$1
Event: 2.144 loading class java/security/ProtectionDomain$JavaSecurityAccessImpl$1 done
Event: 2.144 loading class sun/security/provider/PolicyFile$3
Event: 2.144 loading class sun/security/provider/PolicyFile$3 done
Event: 2.144 loading class sun/security/util/PolicyUtil
Event: 2.145 loading class sun/security/util/PolicyUtil done
Event: 2.145 loading class sun/security/provider/PolicyParser


Dynamic libraries:
0x00007ff7aae10000 - 0x00007ff7aae55000 	C:\Software\jdk-11.0.2\bin\javaw.exe
0x00007fff3efe0000 - 0x00007fff3f1d0000 	C:\Windows\SYSTEM32\ntdll.dll
0x00007fff3d8a0000 - 0x00007fff3d952000 	C:\Windows\System32\KERNEL32.DLL
0x00007fff3bf70000 - 0x00007fff3c213000 	C:\Windows\System32\KERNELBASE.dll
0x00007fff3e5a0000 - 0x00007fff3e734000 	C:\Windows\System32\USER32.dll
0x00007fff3cfa0000 - 0x00007fff3cfc1000 	C:\Windows\System32\win32u.dll
0x00007fff3e030000 - 0x00007fff3e056000 	C:\Windows\System32\GDI32.dll
0x00007fff3cca0000 - 0x00007fff3ce34000 	C:\Windows\System32\gdi32full.dll
0x00007fff3cff0000 - 0x00007fff3d08e000 	C:\Windows\System32\msvcp_win.dll
0x00007fff3ce40000 - 0x00007fff3cf3a000 	C:\Windows\System32\ucrtbase.dll
0x00007fff2ab20000 - 0x00007fff2ada5000 	C:\Windows\WinSxS\amd64_microsoft.windows.common-controls_6595b64144ccf1df_6.0.18362.720_none_e6beb5c51314836b\COMCTL32.dll
0x00007fff3d110000 - 0x00007fff3d1ae000 	C:\Windows\System32\msvcrt.dll
0x00007fff3da40000 - 0x00007fff3dd76000 	C:\Windows\System32\combase.dll
0x00007fff3eb00000 - 0x00007fff3ec20000 	C:\Windows\System32\RPCRT4.dll
0x00007fff3c220000 - 0x00007fff3c2a0000 	C:\Windows\System32\bcryptPrimitives.dll
0x00007fff3e850000 - 0x00007fff3e87e000 	C:\Windows\System32\IMM32.DLL
0x00007fff0ef10000 - 0x00007fff0efc2000 	C:\Program Files\McAfee\Endpoint Security\Threat Prevention\Ips\EpMPApi.dll
0x00007fff3ea30000 - 0x00007fff3ead3000 	C:\Windows\System32\ADVAPI32.dll
0x00007fff3dde0000 - 0x00007fff3de77000 	C:\Windows\System32\sechost.dll
0x00007fff3cf40000 - 0x00007fff3cf9c000 	C:\Windows\System32\WINTRUST.dll
0x00007fff3beb0000 - 0x00007fff3bec2000 	C:\Windows\System32\MSASN1.dll
0x00007fff3cb50000 - 0x00007fff3cc99000 	C:\Windows\System32\CRYPT32.dll
0x0000000069710000 - 0x000000006971c000 	C:\Program Files\McAfee\Endpoint Security\Threat Prevention\Ips\EpMPThe.dll
0x00007fff33c10000 - 0x00007fff33c26000 	C:\Software\jdk-11.0.2\bin\vcruntime140.dll
0x00007fff05d40000 - 0x00007fff05dea000 	C:\Software\jdk-11.0.2\bin\msvcp140.dll
0x00007ffede490000 - 0x00007ffedefb3000 	C:\Software\jdk-11.0.2\bin\server\jvm.dll
0x00007fff3da30000 - 0x00007fff3da38000 	C:\Windows\System32\PSAPI.DLL
0x00007fff33b70000 - 0x00007fff33b94000 	C:\Windows\SYSTEM32\WINMM.dll
0x00007fff356e0000 - 0x00007fff356ea000 	C:\Windows\SYSTEM32\VERSION.dll
0x00007fff33a30000 - 0x00007fff33a5d000 	C:\Windows\SYSTEM32\WINMMBASE.dll
0x00007fff1e4c0000 - 0x00007fff1e4c9000 	C:\Windows\SYSTEM32\WSOCK32.dll
0x00007fff3cb00000 - 0x00007fff3cb4a000 	C:\Windows\System32\cfgmgr32.dll
0x00007fff3e880000 - 0x00007fff3e8ef000 	C:\Windows\System32\WS2_32.dll
0x00007fff3bf20000 - 0x00007fff3bf31000 	C:\Windows\System32\kernel.appcore.dll
0x00007fff13e70000 - 0x00007fff13e81000 	C:\Software\jdk-11.0.2\bin\verify.dll
0x00007fff3a860000 - 0x00007fff3aa54000 	C:\Windows\SYSTEM32\DBGHELP.DLL
0x00007fff1e2e0000 - 0x00007fff1e30a000 	C:\Windows\SYSTEM32\dbgcore.DLL
0x00007fff09870000 - 0x00007fff09898000 	C:\Software\jdk-11.0.2\bin\java.dll
0x00007fff13470000 - 0x00007fff13486000 	C:\Software\jdk-11.0.2\bin\zip.dll
0x00007fff31100000 - 0x00007fff3110a000 	C:\Software\jdk-11.0.2\bin\jimage.dll
0x00007fff3d1b0000 - 0x00007fff3d895000 	C:\Windows\System32\SHELL32.dll
0x00007fff3e740000 - 0x00007fff3e7e9000 	C:\Windows\System32\shcore.dll
0x00007fff3c2a0000 - 0x00007fff3ca20000 	C:\Windows\System32\windows.storage.dll
0x00007fff3bf40000 - 0x00007fff3bf63000 	C:\Windows\System32\profapi.dll
0x00007fff3bed0000 - 0x00007fff3bf1a000 	C:\Windows\System32\powrprof.dll
0x00007fff3bea0000 - 0x00007fff3beb0000 	C:\Windows\System32\UMPDC.dll
0x00007fff3e7f0000 - 0x00007fff3e842000 	C:\Windows\System32\shlwapi.dll
0x00007fff3cfd0000 - 0x00007fff3cfe7000 	C:\Windows\System32\cryptsp.dll
0x00007fff05fe0000 - 0x00007fff05ff9000 	C:\Software\jdk-11.0.2\bin\net.dll
0x00007fff32e70000 - 0x00007fff32f61000 	C:\Windows\SYSTEM32\WINHTTP.dll
0x00007fff2fc40000 - 0x00007fff2fe15000 	C:\Windows\SYSTEM32\urlmon.dll
0x00007fff2ff40000 - 0x00007fff301e6000 	C:\Windows\SYSTEM32\iertutil.dll
0x00007fff3b840000 - 0x00007fff3b84c000 	C:\Windows\SYSTEM32\CRYPTBASE.DLL
0x00007fff3b6c0000 - 0x00007fff3b727000 	C:\Windows\system32\mswsock.dll
0x00007fff05fc0000 - 0x00007fff05fd3000 	C:\Software\jdk-11.0.2\bin\nio.dll
0x00007fff34fa0000 - 0x00007fff34fa9000 	C:\Software\jdk-11.0.2\bin\management.dll
0x00007fff34f90000 - 0x00007fff34f9c000 	C:\Software\jdk-11.0.2\bin\management_ext.dll
0x00007fff1bee0000 - 0x00007fff1bef6000 	C:\Windows\system32\napinsp.dll
0x00007fff1bec0000 - 0x00007fff1beda000 	C:\Windows\system32\pnrpnsp.dll
0x00007fff3b430000 - 0x00007fff3b4fa000 	C:\Windows\SYSTEM32\DNSAPI.dll
0x00007fff3ec80000 - 0x00007fff3ec88000 	C:\Windows\System32\NSI.dll
0x00007fff3b3e0000 - 0x00007fff3b41a000 	C:\Windows\SYSTEM32\IPHLPAPI.DLL
0x00007fff1beb0000 - 0x00007fff1bebe000 	C:\Windows\System32\winrnr.dll
0x00007fff38780000 - 0x00007fff3879c000 	C:\Windows\system32\NLAapi.dll
0x00007fff378e0000 - 0x00007fff378f5000 	C:\Windows\system32\wshbth.dll
0x00007fff33a60000 - 0x00007fff33a6a000 	C:\Windows\System32\rasadhlp.dll
0x00007fff37660000 - 0x00007fff376d7000 	C:\Windows\System32\fwpuclnt.dll
0x00007fff3ca20000 - 0x00007fff3ca46000 	C:\Windows\System32\bcrypt.dll
0x00007fff3b240000 - 0x00007fff3b273000 	C:\Windows\system32\rsaenh.dll
0x00007fff3bdc0000 - 0x00007fff3bde5000 	C:\Windows\SYSTEM32\USERENV.dll
0x00007fff36af0000 - 0x00007fff36b06000 	C:\Windows\SYSTEM32\dhcpcsvc6.DLL
0x00007fff36860000 - 0x00007fff3687c000 	C:\Windows\SYSTEM32\dhcpcsvc.DLL

dbghelp: loaded successfully - version: 4.0.5 - missing functions: none
symbol engine: initialized successfully - sym options: 0x614 - pdb path: .;C:\Software\jdk-11.0.2\bin;C:\Windows\SYSTEM32;C:\Windows\WinSxS\amd64_microsoft.windows.common-controls_6595b64144ccf1df_6.0.18362.720_none_e6beb5c51314836b;C:\Program Files\McAfee\Endpoint Security\Threat Prevention\Ips;C:\Software\jdk-11.0.2\bin\server

VM Arguments:
jvm_args: -Dcom.sun.management.jmxremote -Dcom.sun.management.jmxremote.port=57729 -Dcom.sun.management.jmxremote.authenticate=false -Dcom.sun.management.jmxremote.ssl=false -Djava.rmi.server.hostname=localhost -Dspring.jmx.enabled=true -Dspring.application.admin.enabled=true -Xverify:none -XX:TieredStopAtLevel=1 -Dspring.boot.project.name=infra -Dfile.encoding=Cp1252 
java_command: com.ps.infra.SeleccionApplication --spring.output.ansi.enabled=always
java_class_path (initial): C:\Users\ldavid\Documents\proyects\LineaBase\seleccion\infra\bin\main;\app\bin\default;C:\Users\ldavid\Documents\proyects\LineaBase\seleccion\app\bin\main;C:\Users\ldavid\Documents\proyects\LineaBase\seleccion\domain\bin\default;C:\Users\ldavid\Documents\proyects\LineaBase\seleccion\domain\bin\main;C:\Users\ldavid\.gradle\caches\modules-2\files-2.1\org.springframework.boot\spring-boot-configuration-processor\2.2.7.RELEASE\d5f307edd4b5b7c2895a1c73542565cfbb6dec7f\spring-boot-configuration-processor-2.2.7.RELEASE.jar;C:\Users\ldavid\.gradle\caches\modules-2\files-2.1\org.projectlombok\lombok\1.18.12\48e4e5d60309ebd833bc528dcf77668eab3cd72c\lombok-1.18.12.jar;C:\Users\ldavid\.gradle\caches\modules-2\files-2.1\org.springdoc\springdoc-openapi-ui\1.3.9\8d8c33a115e660f0b8ac2ecacd9276eba997a61e\springdoc-openapi-ui-1.3.9.jar;C:\Users\ldavid\.gradle\caches\modules-2\files-2.1\io.pivotal.spring.cloud\spring-cloud-services-starter-circuit-breaker\2.2.3.RELEASE\9595f1822d3182ba3500589589be84239a42532e\spring-cloud-services-starter-circuit-breaker-2.2.3.RELEASE.jar;C:\Users\ldavid\.gradle\caches\modules-2\files-2.1\org.springframework.cloud\spring-cloud-starter-stream-rabbit\3.0.4.RELEASE\100582aae9b97d668e8e7dca44ccc54cfcfa2a88\spring-cloud-starter-stream-rabbit-3.0.4.RELEASE.jar;C:\Users\ldavid\.gradle\caches\modules-2\files-2.1\org.springframework.cloud\spring-cloud-stream-binder-rabbit\3.0.4.RELEASE\7f02620aab8d79481320d8a5471c3f0059448a37\spring-cloud-stream-binder-rabbit-3.0.4.RELEASE.jar;C:\Users\ldavid\.gradle\caches\modules-2\files-2.1\org.springframework.cloud\spring-cloud-stream-binder-rabbit-core\3.0.4.RELEASE\a54209e31f3d31f32595e4a0f16462f20a96d550\spring-cloud-stream-binder-rabbit-core-3.0.4.RELEASE.jar;C:\Users\ldavid\.gradle\caches\modules-2\files-2.1\org.springframework.boot\spring-boot-starter-amqp\2.2.7.RELEASE\f717ec6b63dc242fd082d3f0966960774d044f92\spring-boot-starter-amqp-2.2.7.RELEASE.jar;C:\Users\ldavid\.gradle\caches\module
Launcher Type: SUN_STANDARD

[Global flags]
     bool BytecodeVerificationLocal                = false                                     {product} {command line}
     bool BytecodeVerificationRemote               = false                                     {product} {command line}
     intx CICompilerCount                          = 3                                         {product} {ergonomic}
     uint ConcGCThreads                            = 1                                         {product} {ergonomic}
     uint G1ConcRefinementThreads                  = 4                                         {product} {ergonomic}
   size_t G1HeapRegionSize                         = 1048576                                   {product} {ergonomic}
    uintx GCDrainStackTargetSize                   = 64                                        {product} {ergonomic}
   size_t InitialHeapSize                          = 266338304                                 {product} {ergonomic}
     bool ManagementServer                         = true                                      {product} {command line}
   size_t MarkStackSize                            = 4194304                                   {product} {ergonomic}
   size_t MaxHeapSize                              = 4257218560                                {product} {ergonomic}
   size_t MaxNewSize                               = 2554331136                                {product} {ergonomic}
   size_t MinHeapDeltaBytes                        = 1048576                                   {product} {ergonomic}
    uintx NonNMethodCodeHeapSize                   = 6973028                                {pd product} {ergonomic}
    uintx NonProfiledCodeHeapSize                  = 244685212                              {pd product} {ergonomic}
    uintx ProfiledCodeHeapSize                     = 0                                      {pd product} {ergonomic}
    uintx ReservedCodeCacheSize                    = 251658240                              {pd product} {ergonomic}
     bool SegmentedCodeCache                       = true                                      {product} {ergonomic}
     intx TieredStopAtLevel                        = 1                                         {product} {command line}
     bool UseCompressedClassPointers               = true                                 {lp64_product} {ergonomic}
     bool UseCompressedOops                        = true                                 {lp64_product} {ergonomic}
     bool UseG1GC                                  = true                                      {product} {ergonomic}
     bool UseLargePagesIndividualAllocation        = false                                  {pd product} {ergonomic}

Logging:
Log output configuration:
 #0: stdout all=warning uptime,level,tags
 #1: stderr all=off uptime,level,tags

Environment Variables:
JAVA_HOME=C:\Software\jdk-11.0.2
PATH=C:/Software/jdk-11.0.2/bin/server;C:/Software/jdk-11.0.2/bin;C:\Windows\system32;C:\Windows;C:\Windows\System32\Wbem;C:\Windows\System32\WindowsPowerShell\v1.0\;C:\Windows\System32\OpenSSH\;C:\Program Files\PuTTY\;C:\Program Files\Microsoft VS Code\bin;C:\Program Files\nodejs\;C:\Program Files\Amazon\AWSCLIV2\;C:\Groovy\\bin;C:\Groovy\bin;C:\Program Files\Docker\Docker\resources\bin;C:\ProgramData\DockerDesktop\version-bin;C:\Program Files\Git\cmd;C:\Software\jdk-11.0.2\bin;C:\Software\gradle-6.3\bin;C:\Users\ldavid\AppData\Local\Microsoft\WindowsAppsC:\Software\jdk-11.0.2\bin;C:\Users\ldavid\AppData\Roaming\npm;C:\Program Files\JetBrains\IntelliJ IDEA Community Edition 2019.3.4\bin;;C:\grails-4.0.2\bin;;C:\Users\ldavid\Downloads\sts-4.6.1.RELEASE;
USERNAME=ldavid
OS=Windows_NT
PROCESSOR_IDENTIFIER=Intel64 Family 6 Model 78 Stepping 3, GenuineIntel



---------------  S Y S T E M  ---------------

OS: Windows 10 , 64 bit Build 18362 (10.0.18362.329)

CPU:total 4 (initial active 4) (2 cores per cpu, 2 threads per core) family 6 model 78 stepping 3, cmov, cx8, fxsr, mmx, sse, sse2, sse3, ssse3, sse4.1, sse4.2, popcnt, avx, avx2, aes, clmul, erms, rtm, 3dnowpref, lzcnt, ht, tsc, tscinvbit, bmi1, bmi2, adx, fma

Memory: 4k page, system-wide physical 16239M (7517M free)
TotalPageFile size 18671M (AvailPageFile size 8261M)
current process WorkingSet (physical memory assigned to process): 80M, peak: 80M
current process commit charge ("private bytes"): 348M, peak: 348M

vm_info: OpenJDK 64-Bit Server VM (11.0.2+9) for windows-amd64 JRE (11.0.2+9), built on Jan 18 2019 05:23:22 by "mach5one" with MS VC++ 15.5 (VS2017)

END.
